<?xml version="1.0" encoding="UTF-8"?>
<!-- Generated by org.testng.reporters.JUnitXMLReporter -->
<testsuite hostname="VIS-IT" name="Test" tests="19" failures="0" timestamp="24 Apr 2019 04:05:07 GMT" time="21.566" errors="0">
  <testcase name="@BeforeClass setup" time="0.0" classname="TestCases.Vadv">
    <failure type="java.lang.NullPointerException">
      <![CDATA[java.lang.NullPointerException
	at PageObjects.Actions.lounchApp(Actions.java:48)
	at TestCases.Vadv.setup(Vadv.java:31)
... Removed 23 stack frames]]>
    </failure>
  </testcase> <!-- @BeforeClass setup -->
  <testcase name="create_New_Folder" time="0.0" classname="TestCases.Vadv">
    <skipped/>
  </testcase> <!-- create_New_Folder -->
  <testcase name="create_Sub_Folder" time="0.0" classname="TestCases.Vadv">
    <skipped/>
  </testcase> <!-- create_Sub_Folder -->
  <testcase name="rename_Subscribe_Folder" time="0.001" classname="TestCases.Vadv">
    <skipped/>
  </testcase> <!-- rename_Subscribe_Folder -->
  <testcase name="Delete_Sub_Folder" time="0.0" classname="TestCases.Vadv">
    <skipped/>
  </testcase> <!-- Delete_Sub_Folder -->
  <testcase name="Upload_Document" time="0.001" classname="TestCases.Vadv">
    <skipped/>
  </testcase> <!-- Upload_Document -->
  <testcase name="Move_Folder" time="0.0" classname="TestCases.Vadv">
    <skipped/>
  </testcase> <!-- Move_Folder -->
  <testcase name="share" time="0.0" classname="TestCases.Vadv">
    <skipped/>
  </testcase> <!-- share -->
  <testcase name="delete_Folder" time="0.0" classname="TestCases.Vadv">
    <skipped/>
  </testcase> <!-- delete_Folder -->
  <testcase name="all_Doc" time="0.001" classname="TestCases.Vadv">
    <skipped/>
  </testcase> <!-- all_Doc -->
  <testcase name="checkOut" time="0.0" classname="TestCases.Vadv">
    <skipped/>
  </testcase> <!-- checkOut -->
  <testcase name="delete_Doc" time="0.0" classname="TestCases.Vadv">
    <skipped/>
  </testcase> <!-- delete_Doc -->
  <testcase name="move_Doc" time="0.0" classname="TestCases.Vadv">
    <skipped/>
  </testcase> <!-- move_Doc -->
  <testcase name="Chat" time="0.001" classname="TestCases.Vadv">
    <skipped/>
  </testcase> <!-- Chat -->
  <testcase name="attachment" time="0.0" classname="TestCases.Vadv">
    <skipped/>
  </testcase> <!-- attachment -->
  <testcase name="subscribe_Unsubscribe_Doc" time="0.0" classname="TestCases.Vadv">
    <skipped/>
  </testcase> <!-- subscribe_Unsubscribe_Doc -->
  <testcase name="copy_Document" time="0.0" classname="TestCases.Vadv">
    <skipped/>
  </testcase> <!-- copy_Document -->
  <testcase name="share_Document" time="0.0" classname="TestCases.Vadv">
    <skipped/>
  </testcase> <!-- share_Document -->
  <testcase name="forward_Document" time="0.0" classname="TestCases.Vadv">
    <skipped/>
  </testcase> <!-- forward_Document -->
  <testcase name="mail_Doc" time="0.0" classname="TestCases.Vadv">
    <skipped/>
  </testcase> <!-- mail_Doc -->
</testsuite> <!-- Test -->
