<?xml version="1.0" encoding="UTF-8"?>
<!-- Generated by org.testng.reporters.JUnitXMLReporter -->
<testsuite hostname="unkown" ignored="0" name="Default test" tests="6" failures="0" timestamp="21 Oct 2019 08:57:20 GMT" time="0.266" errors="0">
  <testcase name="@BeforeClass setup" time="0.093" classname="TestCases.Vadv">
    <failure type="java.lang.NoClassDefFoundError" message="org/apache/poi/ss/usermodel/CellStyle">
      <![CDATA[java.lang.NoClassDefFoundError: org/apache/poi/ss/usermodel/CellStyle
at PageObjects.Actions.lounchApp(Actions.java:32)
at TestCases.Vadv.setup(Vadv.java:31)
at sun.reflect.NativeMethodAccessorImpl.invoke0(Native Method)
at sun.reflect.NativeMethodAccessorImpl.invoke(NativeMethodAccessorImpl.java:62)
at sun.reflect.DelegatingMethodAccessorImpl.invoke(DelegatingMethodAccessorImpl.java:43)
at java.lang.reflect.Method.invoke(Method.java:498)
at org.testng.internal.MethodInvocationHelper.invokeMethod(MethodInvocationHelper.java:124)
at org.testng.internal.MethodInvocationHelper.invokeMethodConsideringTimeout(MethodInvocationHelper.java:59)
at org.testng.internal.Invoker.invokeConfigurationMethod(Invoker.java:458)
at org.testng.internal.Invoker.invokeConfigurations(Invoker.java:222)
at org.testng.internal.Invoker.invokeConfigurations(Invoker.java:142)
at org.testng.internal.TestMethodWorker.invokeBeforeClassMethods(TestMethodWorker.java:168)
at org.testng.internal.TestMethodWorker.run(TestMethodWorker.java:105)
at org.testng.TestRunner.privateRun(TestRunner.java:648)
at org.testng.TestRunner.run(TestRunner.java:505)
at org.testng.SuiteRunner.runTest(SuiteRunner.java:455)
at org.testng.SuiteRunner.runSequentially(SuiteRunner.java:450)
at org.testng.SuiteRunner.privateRun(SuiteRunner.java:415)
at org.testng.SuiteRunner.run(SuiteRunner.java:364)
at org.testng.SuiteRunnerWorker.runSuite(SuiteRunnerWorker.java:52)
at org.testng.SuiteRunnerWorker.run(SuiteRunnerWorker.java:84)
at org.testng.TestNG.runSuitesSequentially(TestNG.java:1208)
at org.testng.TestNG.runSuitesLocally(TestNG.java:1137)
at org.testng.TestNG.runSuites(TestNG.java:1049)
at org.testng.TestNG.run(TestNG.java:1017)
at org.testng.remote.AbstractRemoteTestNG.run(AbstractRemoteTestNG.java:115)
at org.testng.remote.RemoteTestNG.initAndRun(RemoteTestNG.java:251)
at org.testng.remote.RemoteTestNG.main(RemoteTestNG.java:77)
Caused by: java.lang.ClassNotFoundException: org.apache.poi.ss.usermodel.CellStyle
at java.net.URLClassLoader.findClass(URLClassLoader.java:382)
at java.lang.ClassLoader.loadClass(ClassLoader.java:424)
at sun.misc.Launcher$AppClassLoader.loadClass(Launcher.java:349)
at java.lang.ClassLoader.loadClass(ClassLoader.java:357)
... 28 more
]]>
    </failure>
  </testcase> <!-- @BeforeClass setup -->
  <testcase name="create_New_Folder" time="0.0" classname="TestCases.Vadv">
    <skipped/>
  </testcase> <!-- create_New_Folder -->
  <testcase name="create_Sub_Folder" time="0.0" classname="TestCases.Vadv">
    <skipped/>
  </testcase> <!-- create_Sub_Folder -->
  <testcase name="rename_Subscribe_Folder" time="0.0" classname="TestCases.Vadv">
    <skipped/>
  </testcase> <!-- rename_Subscribe_Folder -->
  <testcase name="Delete_Sub_Folder" time="0.0" classname="TestCases.Vadv">
    <skipped/>
  </testcase> <!-- Delete_Sub_Folder -->
  <testcase name="Move_Folder" time="0.0" classname="TestCases.Vadv">
    <skipped/>
  </testcase> <!-- Move_Folder -->
  <testcase name="delete_Folder" time="0.0" classname="TestCases.Vadv">
    <skipped/>
  </testcase> <!-- delete_Folder -->
</testsuite> <!-- Default test -->
